D:\DOCUMENT\VISUAL STUDIO 2012\SHADERDEMO\SHADERDEMO\DEBUG\MAIN.OBJ
D:\DOCUMENT\VISUAL STUDIO 2012\SHADERDEMO\SHADERDEMO\DEBUG\GLM.OBJ
D:\DOCUMENT\VISUAL STUDIO 2012\SHADERDEMO\SHADERDEMO\DEBUG\VC110.PDB
D:\DOCUMENT\VISUAL STUDIO 2012\SHADERDEMO\SHADERDEMO\DEBUG\LOAD.OBJ
D:\DOCUMENT\VISUAL STUDIO 2012\SHADERDEMO\DEBUG\SHADERDEMO.ILK
D:\DOCUMENT\VISUAL STUDIO 2012\SHADERDEMO\DEBUG\SHADERDEMO.EXE
D:\DOCUMENT\VISUAL STUDIO 2012\SHADERDEMO\DEBUG\SHADERDEMO.PDB
D:\Document\Visual Studio 2012\ShaderDemo\ShaderDemo\Debug\glm.obj
D:\Document\Visual Studio 2012\ShaderDemo\ShaderDemo\Debug\load.obj
D:\Document\Visual Studio 2012\ShaderDemo\ShaderDemo\Debug\main.obj
D:\Document\Visual Studio 2012\ShaderDemo\ShaderDemo\Debug\cl.command.1.tlog
D:\Document\Visual Studio 2012\ShaderDemo\ShaderDemo\Debug\CL.read.1.tlog
D:\Document\Visual Studio 2012\ShaderDemo\ShaderDemo\Debug\CL.write.1.tlog
D:\Document\Visual Studio 2012\ShaderDemo\ShaderDemo\Debug\link-cvtres.read.1.tlog
D:\Document\Visual Studio 2012\ShaderDemo\ShaderDemo\Debug\link-cvtres.write.1.tlog
D:\Document\Visual Studio 2012\ShaderDemo\ShaderDemo\Debug\link-rc.read.1.tlog
D:\Document\Visual Studio 2012\ShaderDemo\ShaderDemo\Debug\link-rc.write.1.tlog
D:\Document\Visual Studio 2012\ShaderDemo\ShaderDemo\Debug\link.9052-cvtres.read.1.tlog
D:\Document\Visual Studio 2012\ShaderDemo\ShaderDemo\Debug\link.9052-cvtres.write.1.tlog
D:\Document\Visual Studio 2012\ShaderDemo\ShaderDemo\Debug\link.9052-rc.read.1.tlog
D:\Document\Visual Studio 2012\ShaderDemo\ShaderDemo\Debug\link.9052-rc.write.1.tlog
D:\Document\Visual Studio 2012\ShaderDemo\ShaderDemo\Debug\link.9052.read.1.tlog
D:\Document\Visual Studio 2012\ShaderDemo\ShaderDemo\Debug\link.9052.write.1.tlog
D:\Document\Visual Studio 2012\ShaderDemo\ShaderDemo\Debug\link.command.1.tlog
D:\Document\Visual Studio 2012\ShaderDemo\ShaderDemo\Debug\link.read.1.tlog
D:\Document\Visual Studio 2012\ShaderDemo\ShaderDemo\Debug\link.write.1.tlog
D:\Document\Visual Studio 2012\ShaderDemo\ShaderDemo\Debug\vc110.idb
D:\Document\Visual Studio 2012\ShaderDemo\ShaderDemo\Debug\vc110.pdb
D:\Document\Visual Studio 2012\ShaderDemo\Debug\ShaderDemo.pdb
D:\Document\Visual Studio 2012\ShaderDemo\Debug\ShaderDemo.exe
D:\Document\Visual Studio 2012\ShaderDemo\Debug\ShaderDemo.ilk
