D:\DOCUMENT\VISUAL STUDIO 2012\SSAO_SHADERX7_VERSION\SSAO_SHADERX7_VERSION\DEBUG\MAIN.OBJ
D:\DOCUMENT\VISUAL STUDIO 2012\SSAO_SHADERX7_VERSION\SSAO_SHADERX7_VERSION\DEBUG\GLM.OBJ
D:\DOCUMENT\VISUAL STUDIO 2012\SSAO_SHADERX7_VERSION\SSAO_SHADERX7_VERSION\DEBUG\VC110.PDB
D:\DOCUMENT\VISUAL STUDIO 2012\SSAO_SHADERX7_VERSION\DEBUG\SSAO_SHADERX7_VERSION.ILK
D:\DOCUMENT\VISUAL STUDIO 2012\SSAO_SHADERX7_VERSION\DEBUG\SSAO_SHADERX7_VERSION.EXE
D:\DOCUMENT\VISUAL STUDIO 2012\SSAO_SHADERX7_VERSION\DEBUG\SSAO_SHADERX7_VERSION.PDB
D:\Document\Visual Studio 2012\SSAO_ShaderX7_version\SSAO_ShaderX7_version\Debug\glm.obj
D:\Document\Visual Studio 2012\SSAO_ShaderX7_version\SSAO_ShaderX7_version\Debug\main.obj
D:\Document\Visual Studio 2012\SSAO_ShaderX7_version\SSAO_ShaderX7_version\Debug\cl.command.1.tlog
D:\Document\Visual Studio 2012\SSAO_ShaderX7_version\SSAO_ShaderX7_version\Debug\CL.read.1.tlog
D:\Document\Visual Studio 2012\SSAO_ShaderX7_version\SSAO_ShaderX7_version\Debug\CL.write.1.tlog
D:\Document\Visual Studio 2012\SSAO_ShaderX7_version\SSAO_ShaderX7_version\Debug\link-cvtres.read.1.tlog
D:\Document\Visual Studio 2012\SSAO_ShaderX7_version\SSAO_ShaderX7_version\Debug\link-cvtres.write.1.tlog
D:\Document\Visual Studio 2012\SSAO_ShaderX7_version\SSAO_ShaderX7_version\Debug\link-rc.read.1.tlog
D:\Document\Visual Studio 2012\SSAO_ShaderX7_version\SSAO_ShaderX7_version\Debug\link-rc.write.1.tlog
D:\Document\Visual Studio 2012\SSAO_ShaderX7_version\SSAO_ShaderX7_version\Debug\link.8992-cvtres.read.1.tlog
D:\Document\Visual Studio 2012\SSAO_ShaderX7_version\SSAO_ShaderX7_version\Debug\link.8992-cvtres.write.1.tlog
D:\Document\Visual Studio 2012\SSAO_ShaderX7_version\SSAO_ShaderX7_version\Debug\link.8992-rc.read.1.tlog
D:\Document\Visual Studio 2012\SSAO_ShaderX7_version\SSAO_ShaderX7_version\Debug\link.8992-rc.write.1.tlog
D:\Document\Visual Studio 2012\SSAO_ShaderX7_version\SSAO_ShaderX7_version\Debug\link.8992.read.1.tlog
D:\Document\Visual Studio 2012\SSAO_ShaderX7_version\SSAO_ShaderX7_version\Debug\link.8992.write.1.tlog
D:\Document\Visual Studio 2012\SSAO_ShaderX7_version\SSAO_ShaderX7_version\Debug\link.command.1.tlog
D:\Document\Visual Studio 2012\SSAO_ShaderX7_version\SSAO_ShaderX7_version\Debug\link.read.1.tlog
D:\Document\Visual Studio 2012\SSAO_ShaderX7_version\SSAO_ShaderX7_version\Debug\link.write.1.tlog
D:\Document\Visual Studio 2012\SSAO_ShaderX7_version\SSAO_ShaderX7_version\Debug\vc110.idb
D:\Document\Visual Studio 2012\SSAO_ShaderX7_version\SSAO_ShaderX7_version\Debug\vc110.pdb
D:\Document\Visual Studio 2012\SSAO_ShaderX7_version\Debug\SSAO_ShaderX7_version.pdb
D:\Document\Visual Studio 2012\SSAO_ShaderX7_version\Debug\SSAO_ShaderX7_version.exe
D:\Document\Visual Studio 2012\SSAO_ShaderX7_version\Debug\SSAO_ShaderX7_version.ilk
